Using selector: SelectSelector
DEBUG DATABASE_URL = postgresql://neondb_owner:npg_J2BMCAc7xENi@ep-bitter-truth-aipmcaxq-pooler.c-4.us-east-1.aws.neon.tech/neondb?sslmode=require&channel_binding=require
=== TESTING DATABASE ===
Traceback (most recent call last):
  File "D:\Foodis\test_db.py", line 16, in <module>
    print("\u2705 Database connection OK")
  File "C:\Users\ASUS\AppData\Local\Programs\Python\Python311\Lib\encodings\cp1252.py", line 19, in encode
    return codecs.charmap_encode(input,self.errors,encoding_table)[0]
           ^^^^^^^^^^^^^^^^^^^^^^^^^^^^^^^^^^^^^^^^^^^^^^^^^^^^^^^
UnicodeEncodeError: 'charmap' codec can't encode character '\u2705' in position 0: character maps to <undefined>

During handling of the above exception, another exception occurred:

Traceback (most recent call last):
  File "D:\Foodis\test_db.py", line 18, in <module>
    print("\u274c DATABASE CONNECTION FAILED:")
  File "C:\Users\ASUS\AppData\Local\Programs\Python\Python311\Lib\encodings\cp1252.py", line 19, in encode
    return codecs.charmap_encode(input,self.errors,encoding_table)[0]
           ^^^^^^^^^^^^^^^^^^^^^^^^^^^^^^^^^^^^^^^^^^^^^^^^^^^^^^^
UnicodeEncodeError: 'charmap' codec can't encode character '\u274c' in position 0: character maps to <undefined>
